<?xml version="1.0" encoding="UTF-8"?>
<!-- Generated by org.testng.reporters.JUnitReportReporter -->
<testsuite skipped="0" hostname="DESKTOP-5187LS0" name="RahulShettyAcademyAPITest" tests="1" failures="0" timestamp="22 Jul 2023 08:29:49 GMT" time="7.709" errors="0">
  <testcase name="test_04" time="7.709" classname="RahulShettyAcademyAPITest"/>
</testsuite> <!-- RahulShettyAcademyAPITest -->
