<?xml version="1.0" encoding="UTF-8"?>
<!-- Generated by org.testng.reporters.JUnitReportReporter -->
<testsuite skipped="0" hostname="DESKTOP-5187LS0" name="ECommerceApiTest" tests="1" failures="0" timestamp="23 Jul 2023 06:39:19 GMT" time="7.296" errors="0">
  <testcase name="login" time="7.296" classname="ECommerceApiTest"/>
</testsuite> <!-- ECommerceApiTest -->
