<?xml version="1.0" encoding="UTF-8"?>
<!-- Generated by org.testng.reporters.JUnitReportReporter -->
<testsuite skipped="0" hostname="DESKTOP-5187LS0" name="AppTest" tests="1" failures="0" timestamp="13 Jul 2023 01:37:19 GMT" time="3.980" errors="0">
  <testcase name="test_01" time="3.980" classname="AppTest"/>
</testsuite> <!-- AppTest -->
