<?xml version="1.0" encoding="UTF-8"?>
<!-- Generated by org.testng.reporters.JUnitReportReporter -->
<testsuite skipped="0" hostname="DESKTOP-5187LS0" name="AppTest2" tests="1" failures="0" timestamp="15 Jul 2023 02:29:59 GMT" time="7.690" errors="0">
  <testcase name="test_01" time="7.690" classname="AppTest2"/>
</testsuite> <!-- AppTest2 -->
