<?xml version="1.0" encoding="UTF-8"?>
<!-- Generated by org.testng.reporters.JUnitReportReporter -->
<testsuite skipped="0" hostname="DESKTOP-5187LS0" name="DynamicJson" tests="6" failures="0" timestamp="15 Jul 2023 10:18:13 GMT" time="5.758" errors="0">
  <testcase name="deleteBook" time="0.250" classname="DynamicJson"/>
  <testcase name="addBook" time="4.383" classname="DynamicJson"/>
  <testcase name="addBook" time="0.297" classname="DynamicJson"/>
  <testcase name="addBook" time="0.297" classname="DynamicJson"/>
  <testcase name="deleteBook" time="0.281" classname="DynamicJson"/>
  <testcase name="deleteBook" time="0.250" classname="DynamicJson"/>
</testsuite> <!-- DynamicJson -->
